
> horas-trabajadas@0.0.0 start
> ng serve --host 0.0.0.0 --port 4300

[33m>[39m Building...
[32m√[39m Building...
[1mInitial chunk files[22m[2m | [22m[1mNames[22m        [2m | [22m[1mRaw size[22m
[32mstyles.css[39m         [2m | [22m[2mstyles[22m       [2m | [22m[36m70.51 kB[39m[2m | [22m
[32mmain.js[39m            [2m | [22m[2mmain[22m         [2m | [22m [36m8.39 kB[39m[2m | [22m

[1m [22m                  [2m | [22m[1mInitial total[22m[2m | [22m[1m78.89 kB[22m

[1mLazy chunk files[22m   [2m | [22m[1mNames[22m        [2m | [22m[1mRaw size[22m
[32mchunk-IREJPLWC.js[39m  [2m | [22m[2mentry-page[22m   [2m | [22m[36m30.65 kB[39m[2m | [22m
[32mchunk-K24WH5WB.js[39m  [2m | [22m[2mhistory-page[22m [2m | [22m[36m27.54 kB[39m[2m | [22m
[32mchunk-64DNQGUX.js[39m  [2m | [22m[2m-[22m            [2m | [22m [36m4.76 kB[39m[2m | [22m

Application bundle generation complete. [3.951 seconds] - 2025-12-14T10:03:49.120Z

Watch mode enabled. Watching for file changes...
NOTE: Raw file sizes do not reflect development server per-request transformations.
  [32m➜[39m  [1mLocal[22m:   [36mhttp://localhost:[1m4300[22m/[39m
  [32m➜[39m  [1mNetwork[22m: [36mhttp://192.168.137.1:[1m4300[22m/[39m
  [32m➜[39m  [1mNetwork[22m: [36mhttp://192.168.1.132:[1m4300[22m/[39m
[33m>[39m Changes detected. Rebuilding...
[32m√[39m Changes detected. Rebuilding...
[1mInitial chunk files[22m[2m | [22m[1mNames[22m        [2m | [22m[1mRaw size[22m
[32mstyles.css[39m         [2m | [22m[2mstyles[22m       [2m | [22m[36m70.51 kB[39m[2m | [22m
[32mmain.js[39m            [2m | [22m[2mmain[22m         [2m | [22m [36m8.39 kB[39m[2m | [22m

[1m [22m                  [2m | [22m[1mInitial total[22m[2m | [22m[1m78.89 kB[22m

[1mLazy chunk files[22m   [2m | [22m[1mNames[22m        [2m | [22m[1mRaw size[22m
[32mchunk-IREJPLWC.js[39m  [2m | [22m[2mentry-page[22m   [2m | [22m[36m30.65 kB[39m[2m | [22m
[32mchunk-K24WH5WB.js[39m  [2m | [22m[2mhistory-page[22m [2m | [22m[36m27.54 kB[39m[2m | [22m
[32mchunk-64DNQGUX.js[39m  [2m | [22m[2m-[22m            [2m | [22m [36m4.76 kB[39m[2m | [22m

Application bundle generation complete. [0.246 seconds] - 2025-12-14T10:05:16.290Z

[33m>[39m Changes detected. Rebuilding...
[32m√[39m Changes detected. Rebuilding...
[1mInitial chunk files[22m[2m | [22m[1mNames[22m       [2m | [22m[1mRaw size[22m
[32mmain.js[39m            [2m | [22m[2mmain[22m        [2m | [22m [36m8.39 kB[39m[2m | [22m

[1mLazy chunk files[22m   [2m | [22m[1mNames[22m       [2m | [22m[1mRaw size[22m
[32mchunk-COACLKD6.js[39m  [2m | [22m[2mhistory-page[22m[2m | [22m[36m28.71 kB[39m[2m | [22m

Application bundle generation complete. [1.212 seconds] - 2025-12-14T10:05:47.539Z

Page reload sent to client(s).
[33m>[39m Changes detected. Rebuilding...
[32m√[39m Changes detected. Rebuilding...
[1mInitial chunk files[22m[2m | [22m[1mNames[22m       [2m | [22m[1mRaw size[22m
[32mmain.js[39m            [2m | [22m[2mmain[22m        [2m | [22m [36m8.39 kB[39m[2m | [22m

[1mLazy chunk files[22m   [2m | [22m[1mNames[22m       [2m | [22m[1mRaw size[22m
[32mchunk-NSFHKH55.js[39m  [2m | [22m[2mhistory-page[22m[2m | [22m[36m28.90 kB[39m[2m | [22m

Application bundle generation complete. [0.796 seconds] - 2025-12-14T10:05:50.833Z

Component update sent to client(s).
[2m11:05:53[22m [36m[1m[vite][22m[39m [90m[2m(client)[22m[39m [32m✨ new dependencies optimized: [33m@capacitor/core, @capacitor/filesystem, @capacitor/share[32m[39m
[2m11:05:53[22m [36m[1m[vite][22m[39m [90m[2m(client)[22m[39m [32m✨ optimized dependencies changed. reloading[39m
[33m>[39m Changes detected. Rebuilding...
[32m√[39m Changes detected. Rebuilding...
[1mInitial chunk files[22m[2m | [22m[1mNames[22m        [2m | [22m[1mRaw size[22m
[32mstyles.css[39m         [2m | [22m[2mstyles[22m       [2m | [22m[36m70.51 kB[39m[2m | [22m
[32mmain.js[39m            [2m | [22m[2mmain[22m         [2m | [22m [36m8.39 kB[39m[2m | [22m

[1m [22m                  [2m | [22m[1mInitial total[22m[2m | [22m[1m78.89 kB[22m

[1mLazy chunk files[22m   [2m | [22m[1mNames[22m        [2m | [22m[1mRaw size[22m
[32mchunk-IREJPLWC.js[39m  [2m | [22m[2mentry-page[22m   [2m | [22m[36m30.65 kB[39m[2m | [22m
[32mchunk-NSFHKH55.js[39m  [2m | [22m[2mhistory-page[22m [2m | [22m[36m28.90 kB[39m[2m | [22m
[32mchunk-64DNQGUX.js[39m  [2m | [22m[2m-[22m            [2m | [22m [36m4.76 kB[39m[2m | [22m

Application bundle generation complete. [1.019 seconds] - 2025-12-14T10:06:19.432Z

[33m>[39m Changes detected. Rebuilding...
[32m√[39m Changes detected. Rebuilding...
[1mInitial chunk files[22m[2m | [22m[1mNames[22m        [2m | [22m[1mRaw size[22m
[32mstyles.css[39m         [2m | [22m[2mstyles[22m       [2m | [22m[36m70.51 kB[39m[2m | [22m
[32mmain.js[39m            [2m | [22m[2mmain[22m         [2m | [22m [36m8.39 kB[39m[2m | [22m

[1m [22m                  [2m | [22m[1mInitial total[22m[2m | [22m[1m78.89 kB[22m

[1mLazy chunk files[22m   [2m | [22m[1mNames[22m        [2m | [22m[1mRaw size[22m
[32mchunk-IREJPLWC.js[39m  [2m | [22m[2mentry-page[22m   [2m | [22m[36m30.65 kB[39m[2m | [22m
[32mchunk-NSFHKH55.js[39m  [2m | [22m[2mhistory-page[22m [2m | [22m[36m28.90 kB[39m[2m | [22m
[32mchunk-64DNQGUX.js[39m  [2m | [22m[2m-[22m            [2m | [22m [36m4.76 kB[39m[2m | [22m

Application bundle generation complete. [0.107 seconds] - 2025-12-14T10:06:24.334Z

[33m>[39m Changes detected. Rebuilding...
[32m√[39m Changes detected. Rebuilding...
Application bundle generation failed. [1.280 seconds] - 2025-12-14T10:21:01.527Z

[33m>[39m Changes detected. Rebuilding...
[32m√[39m Changes detected. Rebuilding...
Application bundle generation failed. [0.464 seconds] - 2025-12-14T10:21:23.274Z

[33m>[39m Changes detected. Rebuilding...
[32m√[39m Changes detected. Rebuilding...
Application bundle generation failed. [0.138 seconds] - 2025-12-14T10:21:23.418Z

[33m>[39m Changes detected. Rebuilding...
[32m√[39m Changes detected. Rebuilding...
Application bundle generation failed. [0.133 seconds] - 2025-12-14T10:21:23.849Z

[33m>[39m Changes detected. Rebuilding...
[32m√[39m Changes detected. Rebuilding...
Application bundle generation failed. [0.653 seconds] - 2025-12-14T10:21:30.769Z

[33m>[39m Changes detected. Rebuilding...
[32m√[39m Changes detected. Rebuilding...
Application bundle generation failed. [0.249 seconds] - 2025-12-14T10:21:31.022Z

[33m>[39m Changes detected. Rebuilding...
[32m√[39m Changes detected. Rebuilding...
Application bundle generation failed. [0.163 seconds] - 2025-12-14T10:21:31.319Z

[33m>[39m Changes detected. Rebuilding...
[32m√[39m Changes detected. Rebuilding...
Application bundle generation failed. [0.144 seconds] - 2025-12-14T10:21:31.745Z

[33m>[39m Changes detected. Rebuilding...
[32m√[39m Changes detected. Rebuilding...
Application bundle generation failed. [0.130 seconds] - 2025-12-14T10:22:13.546Z

[33m>[39m Changes detected. Rebuilding...
[32m√[39m Changes detected. Rebuilding...
[1mInitial chunk files[22m[2m | [22m[1mNames[22m        [2m | [22m[1mRaw size[22m
[32mstyles.css[39m         [2m | [22m[2mstyles[22m       [2m | [22m[36m70.89 kB[39m[2m | [22m
[32mmain.js[39m            [2m | [22m[2mmain[22m         [2m | [22m [36m8.39 kB[39m[2m | [22m

[1m [22m                  [2m | [22m[1mInitial total[22m[2m | [22m[1m79.27 kB[22m

[1mLazy chunk files[22m   [2m | [22m[1mNames[22m        [2m | [22m[1mRaw size[22m
[32mchunk-DV5OD7CF.js[39m  [2m | [22m[2mhistory-page[22m [2m | [22m[36m33.55 kB[39m[2m | [22m
[32mchunk-IREJPLWC.js[39m  [2m | [22m[2mentry-page[22m   [2m | [22m[36m30.65 kB[39m[2m | [22m
[32mchunk-64DNQGUX.js[39m  [2m | [22m[2m-[22m            [2m | [22m [36m4.76 kB[39m[2m | [22m

Application bundle generation complete. [0.732 seconds] - 2025-12-14T10:22:20.889Z

Page reload sent to client(s).
[33m>[39m Changes detected. Rebuilding...
[32m√[39m Changes detected. Rebuilding...
[1mInitial chunk files[22m[2m | [22m[1mNames[22m        [2m | [22m[1mRaw size[22m
[32mstyles.css[39m         [2m | [22m[2mstyles[22m       [2m | [22m[36m70.89 kB[39m[2m | [22m
[32mmain.js[39m            [2m | [22m[2mmain[22m         [2m | [22m [36m8.39 kB[39m[2m | [22m

[1m [22m                  [2m | [22m[1mInitial total[22m[2m | [22m[1m79.27 kB[22m

[1mLazy chunk files[22m   [2m | [22m[1mNames[22m        [2m | [22m[1mRaw size[22m
[32mchunk-DV5OD7CF.js[39m  [2m | [22m[2mhistory-page[22m [2m | [22m[36m33.55 kB[39m[2m | [22m
[32mchunk-IREJPLWC.js[39m  [2m | [22m[2mentry-page[22m   [2m | [22m[36m30.65 kB[39m[2m | [22m
[32mchunk-64DNQGUX.js[39m  [2m | [22m[2m-[22m            [2m | [22m [36m4.76 kB[39m[2m | [22m

Application bundle generation complete. [0.226 seconds] - 2025-12-14T10:22:21.122Z

[33m>[39m Changes detected. Rebuilding...
[32m√[39m Changes detected. Rebuilding...
[1mInitial chunk files[22m[2m | [22m[1mNames[22m        [2m | [22m[1mRaw size[22m
[32mstyles.css[39m         [2m | [22m[2mstyles[22m       [2m | [22m[36m70.89 kB[39m[2m | [22m
[32mmain.js[39m            [2m | [22m[2mmain[22m         [2m | [22m [36m8.39 kB[39m[2m | [22m

[1m [22m                  [2m | [22m[1mInitial total[22m[2m | [22m[1m79.27 kB[22m

[1mLazy chunk files[22m   [2m | [22m[1mNames[22m        [2m | [22m[1mRaw size[22m
[32mchunk-DV5OD7CF.js[39m  [2m | [22m[2mhistory-page[22m [2m | [22m[36m33.55 kB[39m[2m | [22m
[32mchunk-IREJPLWC.js[39m  [2m | [22m[2mentry-page[22m   [2m | [22m[36m30.65 kB[39m[2m | [22m
[32mchunk-64DNQGUX.js[39m  [2m | [22m[2m-[22m            [2m | [22m [36m4.76 kB[39m[2m | [22m

Application bundle generation complete. [0.222 seconds] - 2025-12-14T10:23:05.705Z

[33m>[39m Changes detected. Rebuilding...
[32m√[39m Changes detected. Rebuilding...
[1mInitial chunk files[22m[2m | [22m[1mNames[22m       [2m | [22m[1mRaw size[22m
[32mmain.js[39m            [2m | [22m[2mmain[22m        [2m | [22m [36m8.39 kB[39m[2m | [22m

[1mLazy chunk files[22m   [2m | [22m[1mNames[22m       [2m | [22m[1mRaw size[22m
[32mchunk-OUNC2NLT.js[39m  [2m | [22m[2mhistory-page[22m[2m | [22m[36m34.46 kB[39m[2m | [22m

Application bundle generation complete. [0.803 seconds] - 2025-12-14T11:05:40.114Z

Component update sent to client(s).
[33m>[39m Changes detected. Rebuilding...
[32m√[39m Changes detected. Rebuilding...
[1mInitial chunk files[22m[2m | [22m[1mNames[22m        [2m | [22m[1mRaw size[22m
[32mstyles.css[39m         [2m | [22m[2mstyles[22m       [2m | [22m[36m70.89 kB[39m[2m | [22m
[32mmain.js[39m            [2m | [22m[2mmain[22m         [2m | [22m [36m8.39 kB[39m[2m | [22m

[1m [22m                  [2m | [22m[1mInitial total[22m[2m | [22m[1m79.27 kB[22m

[1mLazy chunk files[22m   [2m | [22m[1mNames[22m        [2m | [22m[1mRaw size[22m
[32mchunk-OUNC2NLT.js[39m  [2m | [22m[2mhistory-page[22m [2m | [22m[36m34.46 kB[39m[2m | [22m
[32mchunk-IREJPLWC.js[39m  [2m | [22m[2mentry-page[22m   [2m | [22m[36m30.65 kB[39m[2m | [22m
[32mchunk-64DNQGUX.js[39m  [2m | [22m[2m-[22m            [2m | [22m [36m4.76 kB[39m[2m | [22m

Application bundle generation complete. [0.578 seconds] - 2025-12-14T11:05:59.625Z

[33m>[39m Changes detected. Rebuilding...
[32m√[39m Changes detected. Rebuilding...
[1mInitial chunk files[22m[2m | [22m[1mNames[22m       [2m | [22m[1mRaw size[22m
[32mmain.js[39m            [2m | [22m[2mmain[22m        [2m | [22m [36m8.39 kB[39m[2m | [22m

[1mLazy chunk files[22m   [2m | [22m[1mNames[22m       [2m | [22m[1mRaw size[22m
[32mchunk-S776IYAG.js[39m  [2m | [22m[2mhistory-page[22m[2m | [22m[36m34.93 kB[39m[2m | [22m

Application bundle generation complete. [1.069 seconds] - 2025-12-14T12:17:25.819Z

Page reload sent to client(s).
[33m>[39m Changes detected. Rebuilding...
[32m√[39m Changes detected. Rebuilding...
[1mInitial chunk files[22m[2m | [22m[1mNames[22m        [2m | [22m[1mRaw size[22m
[32mstyles.css[39m         [2m | [22m[2mstyles[22m       [2m | [22m[36m70.89 kB[39m[2m | [22m
[32mmain.js[39m            [2m | [22m[2mmain[22m         [2m | [22m [36m8.39 kB[39m[2m | [22m

[1m [22m                  [2m | [22m[1mInitial total[22m[2m | [22m[1m79.27 kB[22m

[1mLazy chunk files[22m   [2m | [22m[1mNames[22m        [2m | [22m[1mRaw size[22m
[32mchunk-S776IYAG.js[39m  [2m | [22m[2mhistory-page[22m [2m | [22m[36m34.93 kB[39m[2m | [22m
[32mchunk-IREJPLWC.js[39m  [2m | [22m[2mentry-page[22m   [2m | [22m[36m30.65 kB[39m[2m | [22m
[32mchunk-64DNQGUX.js[39m  [2m | [22m[2m-[22m            [2m | [22m [36m4.76 kB[39m[2m | [22m

Application bundle generation complete. [0.721 seconds] - 2025-12-14T12:17:45.021Z

[33m>[39m Changes detected. Rebuilding...
[32m√[39m Changes detected. Rebuilding...
[1mInitial chunk files[22m[2m | [22m[1mNames[22m       [2m | [22m[1mRaw size[22m
[32mmain.js[39m            [2m | [22m[2mmain[22m        [2m | [22m [36m8.39 kB[39m[2m | [22m

[1mLazy chunk files[22m   [2m | [22m[1mNames[22m       [2m | [22m[1mRaw size[22m
[32mchunk-BQEID6YG.js[39m  [2m | [22m[2mhistory-page[22m[2m | [22m[36m35.11 kB[39m[2m | [22m

Application bundle generation complete. [0.538 seconds] - 2025-12-14T12:20:27.858Z

Component update sent to client(s).
[33m>[39m Changes detected. Rebuilding...
[32m√[39m Changes detected. Rebuilding...
[1mInitial chunk files[22m[2m | [22m[1mNames[22m        [2m | [22m[1mRaw size[22m
[32mstyles.css[39m         [2m | [22m[2mstyles[22m       [2m | [22m[36m70.89 kB[39m[2m | [22m
[32mmain.js[39m            [2m | [22m[2mmain[22m         [2m | [22m [36m8.39 kB[39m[2m | [22m

[1m [22m                  [2m | [22m[1mInitial total[22m[2m | [22m[1m79.27 kB[22m

[1mLazy chunk files[22m   [2m | [22m[1mNames[22m        [2m | [22m[1mRaw size[22m
[32mchunk-BQEID6YG.js[39m  [2m | [22m[2mhistory-page[22m [2m | [22m[36m35.11 kB[39m[2m | [22m
[32mchunk-IREJPLWC.js[39m  [2m | [22m[2mentry-page[22m   [2m | [22m[36m30.65 kB[39m[2m | [22m
[32mchunk-64DNQGUX.js[39m  [2m | [22m[2m-[22m            [2m | [22m [36m4.76 kB[39m[2m | [22m

Application bundle generation complete. [0.728 seconds] - 2025-12-14T12:20:48.334Z

[33m>[39m Changes detected. Rebuilding...
[32m√[39m Changes detected. Rebuilding...
[1mInitial chunk files[22m[2m | [22m[1mNames[22m       [2m | [22m[1mRaw size[22m
[32mmain.js[39m            [2m | [22m[2mmain[22m        [2m | [22m [36m8.39 kB[39m[2m | [22m

[1mLazy chunk files[22m   [2m | [22m[1mNames[22m       [2m | [22m[1mRaw size[22m
[32mchunk-4375XP6X.js[39m  [2m | [22m[2mhistory-page[22m[2m | [22m[36m35.44 kB[39m[2m | [22m

Application bundle generation complete. [0.605 seconds] - 2025-12-14T12:30:37.759Z

Page reload sent to client(s).
[33m>[39m Changes detected. Rebuilding...
[32m√[39m Changes detected. Rebuilding...
[1mInitial chunk files[22m[2m | [22m[1mNames[22m        [2m | [22m[1mRaw size[22m
[32mstyles.css[39m         [2m | [22m[2mstyles[22m       [2m | [22m[36m70.89 kB[39m[2m | [22m
[32mmain.js[39m            [2m | [22m[2mmain[22m         [2m | [22m [36m8.39 kB[39m[2m | [22m

[1m [22m                  [2m | [22m[1mInitial total[22m[2m | [22m[1m79.27 kB[22m

[1mLazy chunk files[22m   [2m | [22m[1mNames[22m        [2m | [22m[1mRaw size[22m
[32mchunk-4375XP6X.js[39m  [2m | [22m[2mhistory-page[22m [2m | [22m[36m35.44 kB[39m[2m | [22m
[32mchunk-IREJPLWC.js[39m  [2m | [22m[2mentry-page[22m   [2m | [22m[36m30.65 kB[39m[2m | [22m
[32mchunk-64DNQGUX.js[39m  [2m | [22m[2m-[22m            [2m | [22m [36m4.76 kB[39m[2m | [22m

Application bundle generation complete. [0.642 seconds] - 2025-12-14T12:30:53.293Z

[33m>[39m Changes detected. Rebuilding...
[32m√[39m Changes detected. Rebuilding...
[1mInitial chunk files[22m[2m | [22m[1mNames[22m[2m | [22m[1mRaw size[22m
[32mmain.js[39m            [2m | [22m[2mmain[22m [2m | [22m [36m8.49 kB[39m[2m | [22m

Application bundle generation complete. [0.341 seconds] - 2025-12-14T12:38:15.262Z

Component update sent to client(s).
[33m>[39m Changes detected. Rebuilding...
[32m√[39m Changes detected. Rebuilding...
[1mInitial chunk files[22m[2m | [22m[1mNames[22m        [2m | [22m[1mRaw size[22m
[32mstyles.css[39m         [2m | [22m[2mstyles[22m       [2m | [22m[36m70.89 kB[39m[2m | [22m
[32mmain.js[39m            [2m | [22m[2mmain[22m         [2m | [22m [36m8.49 kB[39m[2m | [22m

[1m [22m                  [2m | [22m[1mInitial total[22m[2m | [22m[1m79.38 kB[22m

[1mLazy chunk files[22m   [2m | [22m[1mNames[22m        [2m | [22m[1mRaw size[22m
[32mchunk-4375XP6X.js[39m  [2m | [22m[2mhistory-page[22m [2m | [22m[36m35.44 kB[39m[2m | [22m
[32mchunk-IREJPLWC.js[39m  [2m | [22m[2mentry-page[22m   [2m | [22m[36m30.65 kB[39m[2m | [22m
[32mchunk-64DNQGUX.js[39m  [2m | [22m[2m-[22m            [2m | [22m [36m4.76 kB[39m[2m | [22m

Application bundle generation complete. [0.689 seconds] - 2025-12-14T12:38:33.883Z

[33m>[39m Changes detected. Rebuilding...
[32m√[39m Changes detected. Rebuilding...
[1mInitial chunk files[22m[2m | [22m[1mNames[22m       [2m | [22m[1mRaw size[22m
[32mmain.js[39m            [2m | [22m[2mmain[22m        [2m | [22m [36m8.49 kB[39m[2m | [22m

[1mLazy chunk files[22m   [2m | [22m[1mNames[22m       [2m | [22m[1mRaw size[22m
[32mchunk-C6E2XGBS.js[39m  [2m | [22m[2mhistory-page[22m[2m | [22m[36m35.65 kB[39m[2m | [22m

Application bundle generation complete. [0.685 seconds] - 2025-12-14T12:49:52.698Z

Component update sent to client(s).
[33m>[39m Changes detected. Rebuilding...
[32m√[39m Changes detected. Rebuilding...
[1mInitial chunk files[22m[2m | [22m[1mNames[22m       [2m | [22m[1mRaw size[22m
[32mmain.js[39m            [2m | [22m[2mmain[22m        [2m | [22m [36m8.49 kB[39m[2m | [22m

[1mLazy chunk files[22m   [2m | [22m[1mNames[22m       [2m | [22m[1mRaw size[22m
[32mchunk-ZY7ARNVH.js[39m  [2m | [22m[2mhistory-page[22m[2m | [22m[36m35.67 kB[39m[2m | [22m

Application bundle generation complete. [0.530 seconds] - 2025-12-14T12:49:57.108Z

Component update sent to client(s).
[33m>[39m Changes detected. Rebuilding...
[32m√[39m Changes detected. Rebuilding...
[1mInitial chunk files[22m[2m | [22m[1mNames[22m        [2m | [22m[1mRaw size[22m
[32mstyles.css[39m         [2m | [22m[2mstyles[22m       [2m | [22m[36m70.89 kB[39m[2m | [22m
[32mmain.js[39m            [2m | [22m[2mmain[22m         [2m | [22m [36m8.49 kB[39m[2m | [22m

[1m [22m                  [2m | [22m[1mInitial total[22m[2m | [22m[1m79.38 kB[22m

[1mLazy chunk files[22m   [2m | [22m[1mNames[22m        [2m | [22m[1mRaw size[22m
[32mchunk-ZY7ARNVH.js[39m  [2m | [22m[2mhistory-page[22m [2m | [22m[36m35.67 kB[39m[2m | [22m
[32mchunk-IREJPLWC.js[39m  [2m | [22m[2mentry-page[22m   [2m | [22m[36m30.65 kB[39m[2m | [22m
[32mchunk-64DNQGUX.js[39m  [2m | [22m[2m-[22m            [2m | [22m [36m4.76 kB[39m[2m | [22m

Application bundle generation complete. [0.611 seconds] - 2025-12-14T12:50:15.921Z

